{"level":"error","message":"Sun Dec 31 2023 15:23:40 GMT+0530 (India Standard Time)-{}","private":true}
{"level":"error","message":"Sun Dec 31 2023 16:55:48 GMT+0530 (India Standard Time)-{}","private":true}
{"level":"error","message":"Sun Dec 31 2023 17:01:58 GMT+0530 (India Standard Time)-{}","private":true}
{"level":"error","message":"Sun Dec 31 2023 17:04:11 GMT+0530 (India Standard Time)-{}","private":true}
{"level":"error","message":"Sun Dec 31 2023 17:07:34 GMT+0530 (India Standard Time)-{}","private":true}
{"level":"error","message":"Sun Dec 31 2023 17:09:31 GMT+0530 (India Standard Time)-{}","private":true}
{"level":"error","message":"Sun Dec 31 2023 17:11:25 GMT+0530 (India Standard Time)-{}","private":true}
{"level":"error","message":"Sun Dec 31 2023 17:19:07 GMT+0530 (India Standard Time)-{}","private":true}
{"level":"error","message":"Sun Dec 31 2023 17:20:25 GMT+0530 (India Standard Time)-{}","private":true}
{"level":"error","message":"Sun Dec 31 2023 17:22:09 GMT+0530 (India Standard Time)-{}","private":true}
{"level":"error","message":"Sun Dec 31 2023 17:24:48 GMT+0530 (India Standard Time)-{}","private":true}
{"level":"error","message":"Sun Dec 31 2023 17:26:02 GMT+0530 (India Standard Time)-{}","private":true}
{"level":"error","message":"Sun Dec 31 2023 17:46:21 GMT+0530 (India Standard Time)-{}","private":true}
{"level":"error","message":"Sun Dec 31 2023 20:50:47 GMT+0530 (India Standard Time)-{}","private":true}
{"level":"error","message":"Mon Jan 01 2024 11:49:56 GMT+0530 (India Standard Time)-{\"name\":\"Data Not found\",\"statusCode\":{\"name\":\"API Error\",\"statusCode\":500,\"isOperational\":true},\"isOperational\":true}","private":true}
{"level":"error","message":"Mon Jan 01 2024 17:32:05 GMT+0530 (India Standard Time)-{\"name\":\"Data Not found\",\"statusCode\":{\"name\":\"API Error\",\"statusCode\":500,\"isOperational\":true},\"isOperational\":true}","private":true}
{"level":"error","message":"Mon Jan 01 2024 17:37:13 GMT+0530 (India Standard Time)-{\"name\":\"Data Not found\",\"statusCode\":{\"name\":\"API Error\",\"statusCode\":500,\"isOperational\":true},\"isOperational\":true}","private":true}
{"level":"error","message":"Mon Jan 01 2024 17:42:01 GMT+0530 (India Standard Time)-{\"name\":\"Data Not found\",\"statusCode\":{\"name\":\"API Error\",\"statusCode\":500,\"isOperational\":true},\"isOperational\":true}","private":true}
{"level":"error","message":"Mon Jan 01 2024 17:46:53 GMT+0530 (India Standard Time)-{\"name\":\"Data Not found\",\"statusCode\":{\"name\":\"API Error\",\"statusCode\":500,\"isOperational\":true},\"isOperational\":true}","private":true}
{"level":"error","message":"Mon Jan 01 2024 17:47:50 GMT+0530 (India Standard Time)-{\"name\":\"Data Not found\",\"statusCode\":{\"name\":\"API Error\",\"statusCode\":500,\"isOperational\":true},\"isOperational\":true}","private":true}
{"level":"error","message":"Mon Jan 01 2024 17:49:35 GMT+0530 (India Standard Time)-{\"name\":\"Data Not found\",\"statusCode\":{},\"isOperational\":true}","private":true}
{"level":"error","message":"Mon Jan 01 2024 17:51:28 GMT+0530 (India Standard Time)-{\"name\":\"Data Not found\",\"statusCode\":{\"name\":\"API Error\",\"statusCode\":500,\"isOperational\":true},\"isOperational\":true}","private":true}
{"level":"error","message":"Mon Jan 01 2024 17:52:33 GMT+0530 (India Standard Time)-{\"name\":\"Data Not found\",\"statusCode\":{},\"isOperational\":true}","private":true}
{"level":"error","message":"Mon Jan 01 2024 17:53:46 GMT+0530 (India Standard Time)-{\"name\":\"Data Not found\",\"statusCode\":{},\"isOperational\":true}","private":true}
{"level":"error","message":"Mon Jan 01 2024 17:54:16 GMT+0530 (India Standard Time)-{\"name\":\"Data Not found\",\"statusCode\":{\"name\":\"API Error\",\"statusCode\":500,\"isOperational\":true},\"isOperational\":true}","private":true}
{"level":"error","message":"Mon Jan 01 2024 19:10:07 GMT+0530 (India Standard Time)-{\"name\":\"Data Not found\",\"statusCode\":{},\"isOperational\":true}","private":true}
{"level":"error","message":"Mon Jan 01 2024 19:36:02 GMT+0530 (India Standard Time)-{\"name\":\"Data Not found\",\"statusCode\":{\"name\":\"API Error\",\"statusCode\":500,\"isOperational\":true},\"isOperational\":true}","private":true}
{"level":"error","message":"Mon Jan 01 2024 19:37:14 GMT+0530 (India Standard Time)-{\"name\":\"Data Not found\",\"statusCode\":{\"name\":\"API Error\",\"statusCode\":500,\"isOperational\":true},\"isOperational\":true}","private":true}
{"level":"error","message":"Mon Jan 01 2024 19:39:27 GMT+0530 (India Standard Time)-{\"name\":\"Data Not found\",\"statusCode\":{\"name\":\"API Error\",\"statusCode\":500,\"isOperational\":true},\"isOperational\":true}","private":true}
{"level":"error","message":"Mon Jan 01 2024 19:42:15 GMT+0530 (India Standard Time)-{\"name\":\"Data Not found\",\"statusCode\":{\"name\":\"API Error\",\"statusCode\":500,\"isOperational\":true},\"isOperational\":true}","private":true}
{"level":"error","message":"Tue Jan 02 2024 11:02:31 GMT+0530 (India Standard Time)-{\"name\":\"Data Not Found\",\"statusCode\":{\"name\":\"API Error\",\"statusCode\":500,\"isOperational\":true},\"isOperational\":true}","private":true}
{"level":"error","message":"Tue Jan 02 2024 11:06:31 GMT+0530 (India Standard Time)-{\"name\":\"Data Not Found\",\"statusCode\":{\"name\":\"API Error\",\"statusCode\":500,\"isOperational\":true},\"isOperational\":true}","private":true}
{"level":"error","message":"Tue Jan 02 2024 11:14:51 GMT+0530 (India Standard Time)-{\"name\":\"Data Not Found\",\"statusCode\":{\"name\":\"API Error\",\"statusCode\":500,\"isOperational\":true},\"isOperational\":true}","private":true}
{"level":"error","message":"Tue Jan 02 2024 11:15:24 GMT+0530 (India Standard Time)-{\"name\":\"Data Not Found\",\"statusCode\":{\"name\":\"API Error\",\"statusCode\":500,\"isOperational\":true},\"isOperational\":true}","private":true}
{"level":"error","message":"Tue Jan 02 2024 11:18:41 GMT+0530 (India Standard Time)-{\"name\":\"Data Not Found\",\"statusCode\":{\"name\":\"API Error\",\"statusCode\":500,\"isOperational\":true},\"isOperational\":true}","private":true}
{"level":"error","message":"Tue Jan 02 2024 11:20:15 GMT+0530 (India Standard Time)-{\"name\":\"Data Not Found\",\"statusCode\":{\"name\":\"API Error\",\"statusCode\":500,\"isOperational\":true},\"isOperational\":true}","private":true}
{"level":"error","message":"Tue Jan 02 2024 14:49:09 GMT+0530 (India Standard Time)-{\"name\":\"Data Not found\",\"statusCode\":{\"name\":\"API Error\",\"statusCode\":500,\"isOperational\":true},\"isOperational\":true}","private":true}
{"level":"error","message":"Tue Jan 02 2024 14:50:42 GMT+0530 (India Standard Time)-{\"name\":\"Data Not found\",\"statusCode\":{\"name\":\"API Error\",\"statusCode\":500,\"isOperational\":true},\"isOperational\":true}","private":true}
{"level":"error","message":"Tue Jan 02 2024 14:51:14 GMT+0530 (India Standard Time)-{\"name\":\"Data Not found\",\"statusCode\":{\"name\":\"API Error\",\"statusCode\":500,\"isOperational\":true},\"isOperational\":true}","private":true}
{"level":"error","message":"Tue Jan 02 2024 14:52:47 GMT+0530 (India Standard Time)-{\"name\":\"Data Not found\",\"statusCode\":{\"name\":\"API Error\",\"statusCode\":500,\"isOperational\":true},\"isOperational\":true}","private":true}
{"level":"error","message":"Tue Jan 02 2024 14:53:35 GMT+0530 (India Standard Time)-{\"name\":\"Data Not found\",\"statusCode\":{\"name\":\"API Error\",\"statusCode\":500,\"isOperational\":true},\"isOperational\":true}","private":true}
{"level":"error","message":"Tue Jan 02 2024 14:54:54 GMT+0530 (India Standard Time)-{\"name\":\"Data Not found\",\"statusCode\":{\"name\":\"API Error\",\"statusCode\":500,\"isOperational\":true},\"isOperational\":true}","private":true}
{"level":"error","message":"Tue Jan 02 2024 14:55:34 GMT+0530 (India Standard Time)-{\"name\":\"Data Not found\",\"statusCode\":{\"name\":\"API Error\",\"statusCode\":500,\"isOperational\":true},\"isOperational\":true}","private":true}
{"level":"error","message":"Tue Jan 02 2024 14:58:22 GMT+0530 (India Standard Time)-{\"name\":\"Data Not found\",\"statusCode\":{\"name\":\"API Error\",\"statusCode\":500,\"isOperational\":true},\"isOperational\":true}","private":true}
{"level":"error","message":"Tue Jan 02 2024 14:59:47 GMT+0530 (India Standard Time)-{\"name\":\"Data Not found\",\"statusCode\":{\"name\":\"API Error\",\"statusCode\":500,\"isOperational\":true},\"isOperational\":true}","private":true}
{"level":"error","message":"Tue Jan 02 2024 15:00:56 GMT+0530 (India Standard Time)-{}","private":true}
{"level":"error","message":"Tue Jan 02 2024 15:01:57 GMT+0530 (India Standard Time)-{}","private":true}
{"level":"error","message":"Tue Jan 02 2024 15:02:48 GMT+0530 (India Standard Time)-{}","private":true}
{"level":"error","message":"Tue Jan 02 2024 15:03:32 GMT+0530 (India Standard Time)-{}","private":true}
{"level":"error","message":"Tue Jan 02 2024 15:04:26 GMT+0530 (India Standard Time)-{}","private":true}
{"level":"error","message":"Tue Jan 02 2024 15:06:36 GMT+0530 (India Standard Time)-{}","private":true}
{"level":"error","message":"Tue Jan 02 2024 15:07:39 GMT+0530 (India Standard Time)-{}","private":true}
{"level":"error","message":"Tue Jan 02 2024 15:10:36 GMT+0530 (India Standard Time)-{}","private":true}
{"level":"error","message":"Tue Jan 02 2024 15:11:30 GMT+0530 (India Standard Time)-{}","private":true}
{"level":"error","message":"Tue Jan 02 2024 15:15:01 GMT+0530 (India Standard Time)-{}","private":true}
{"level":"error","message":"Tue Jan 02 2024 15:15:46 GMT+0530 (India Standard Time)-{}","private":true}
{"level":"error","message":"Tue Jan 02 2024 15:17:23 GMT+0530 (India Standard Time)-{}","private":true}
{"level":"error","message":"Tue Jan 02 2024 15:18:37 GMT+0530 (India Standard Time)-{}","private":true}
{"level":"error","message":"Tue Jan 02 2024 15:19:05 GMT+0530 (India Standard Time)-{}","private":true}
{"level":"error","message":"Tue Jan 02 2024 15:19:27 GMT+0530 (India Standard Time)-{}","private":true}
{"level":"error","message":"Tue Jan 02 2024 15:22:04 GMT+0530 (India Standard Time)-{}","private":true}
{"level":"error","message":"Tue Jan 02 2024 15:24:30 GMT+0530 (India Standard Time)-{\"name\":\"Data Not found\",\"statusCode\":{},\"isOperational\":true}","private":true}
{"level":"error","message":"Tue Jan 02 2024 15:43:42 GMT+0530 (India Standard Time)-{}","private":true}
{"level":"error","message":"Tue Jan 02 2024 15:51:16 GMT+0530 (India Standard Time)-{}","private":true}
{"level":"error","message":"Tue Jan 02 2024 15:52:24 GMT+0530 (India Standard Time)-{}","private":true}
{"level":"error","message":"Tue Jan 02 2024 15:55:46 GMT+0530 (India Standard Time)-{}","private":true}
{"level":"error","message":"Wed Jan 03 2024 11:00:30 GMT+0530 (India Standard Time)-{\"name\":\"Data Not found\",\"statusCode\":{},\"isOperational\":true}","private":true}
{"level":"error","message":"Wed Jan 03 2024 11:01:12 GMT+0530 (India Standard Time)-{\"name\":\"Data Not found\",\"statusCode\":{\"name\":\"API Error\",\"statusCode\":500,\"isOperational\":true},\"isOperational\":true}","private":true}
{"level":"error","message":"Wed Jan 03 2024 12:00:02 GMT+0530 (India Standard Time)-{\"name\":\"Data Not found\",\"statusCode\":{},\"isOperational\":true}","private":true}
{"level":"error","message":"Wed Jan 03 2024 14:54:15 GMT+0530 (India Standard Time)-{\"name\":\"Data Not Found\",\"statusCode\":{},\"isOperational\":true}","private":true}
{"level":"error","message":"Wed Jan 03 2024 14:54:55 GMT+0530 (India Standard Time)-{\"name\":\"Data Not Found\",\"statusCode\":{},\"isOperational\":true}","private":true}
{"level":"error","message":"Wed Jan 03 2024 14:59:02 GMT+0530 (India Standard Time)-{\"name\":\"Data Not Found\",\"statusCode\":{},\"isOperational\":true}","private":true}
{"level":"error","message":"Wed Jan 03 2024 16:14:27 GMT+0530 (India Standard Time)-{\"name\":\"Data Not found\",\"statusCode\":{},\"isOperational\":true}","private":true}
{"level":"error","message":"Wed Jan 03 2024 18:09:34 GMT+0530 (India Standard Time)-{\"name\":\"Data Not found\",\"statusCode\":{},\"isOperational\":true}","private":true}
{"level":"error","message":"Thu Jan 04 2024 13:03:54 GMT+0530 (India Standard Time)-{\"name\":\"Data Not Found\",\"statusCode\":{\"name\":\"API Error\",\"statusCode\":500,\"isOperational\":true},\"isOperational\":true}","private":true}
{"level":"error","message":"Thu Jan 04 2024 13:06:32 GMT+0530 (India Standard Time)-{}","private":true}
